INFO - 2023-07-11 18:10:43 --> Session: Class initialized using 'CodeIgniter\Session\Handlers\FileHandler' driver.
INFO - 2023-07-11 18:10:53 --> Session: Class initialized using 'CodeIgniter\Session\Handlers\FileHandler' driver.
INFO - 2023-07-11 18:10:57 --> Session: Class initialized using 'CodeIgniter\Session\Handlers\FileHandler' driver.
INFO - 2023-07-11 18:11:24 --> Session: Class initialized using 'CodeIgniter\Session\Handlers\FileHandler' driver.
INFO - 2023-07-11 18:11:29 --> Session: Class initialized using 'CodeIgniter\Session\Handlers\FileHandler' driver.
INFO - 2023-07-11 18:12:21 --> Session: Class initialized using 'CodeIgniter\Session\Handlers\FileHandler' driver.
ERROR - 2023-07-11 18:12:45 --> Error connecting to the database: mysqli_sql_exception: No connection could be made because the target machine actively refused it.
 in D:\kuliah\SEM 4\pwel\lms-amikom\vendor\codeigniter4\framework\system\Database\MySQLi\Connection.php:174
Stack trace:
#0 D:\kuliah\SEM 4\pwel\lms-amikom\vendor\codeigniter4\framework\system\Database\MySQLi\Connection.php(174): mysqli->real_connect('localhost', 'root', '', 'lms_amikom', 3306, '', 0)
#1 D:\kuliah\SEM 4\pwel\lms-amikom\vendor\codeigniter4\framework\system\Database\BaseConnection.php(391): CodeIgniter\Database\MySQLi\Connection->connect(false)
#2 D:\kuliah\SEM 4\pwel\lms-amikom\vendor\codeigniter4\framework\system\Database\BaseConnection.php(574): CodeIgniter\Database\BaseConnection->initialize()
#3 D:\kuliah\SEM 4\pwel\lms-amikom\vendor\codeigniter4\framework\system\Database\BaseBuilder.php(1616): CodeIgniter\Database\BaseConnection->query('SELECT *\nFROM `...', Array, false)
#4 D:\kuliah\SEM 4\pwel\lms-amikom\vendor\codeigniter4\framework\system\Model.php(268): CodeIgniter\Database\BaseBuilder->get()
#5 D:\kuliah\SEM 4\pwel\lms-amikom\vendor\codeigniter4\framework\system\BaseModel.php(656): CodeIgniter\Model->doFirst()
#6 D:\kuliah\SEM 4\pwel\lms-amikom\app\Controllers\Login.php(60): CodeIgniter\BaseModel->first()
#7 D:\kuliah\SEM 4\pwel\lms-amikom\vendor\codeigniter4\framework\system\CodeIgniter.php(932): App\Controllers\Login->auth()
#8 D:\kuliah\SEM 4\pwel\lms-amikom\vendor\codeigniter4\framework\system\CodeIgniter.php(497): CodeIgniter\CodeIgniter->runController(Object(App\Controllers\Login))
#9 D:\kuliah\SEM 4\pwel\lms-amikom\vendor\codeigniter4\framework\system\CodeIgniter.php(366): CodeIgniter\CodeIgniter->handleRequest(NULL, Object(Config\Cache), false)
#10 D:\kuliah\SEM 4\pwel\lms-amikom\public\index.php(67): CodeIgniter\CodeIgniter->run()
#11 D:\kuliah\SEM 4\pwel\lms-amikom\vendor\codeigniter4\framework\system\Commands\Server\rewrite.php(47): require_once('D:\\kuliah\\SEM 4...')
#12 {main}

Next CodeIgniter\Database\Exceptions\DatabaseException: No connection could be made because the target machine actively refused it.
 in D:\kuliah\SEM 4\pwel\lms-amikom\vendor\codeigniter4\framework\system\Database\MySQLi\Connection.php:218
Stack trace:
#0 D:\kuliah\SEM 4\pwel\lms-amikom\vendor\codeigniter4\framework\system\Database\BaseConnection.php(391): CodeIgniter\Database\MySQLi\Connection->connect(false)
#1 D:\kuliah\SEM 4\pwel\lms-amikom\vendor\codeigniter4\framework\system\Database\BaseConnection.php(574): CodeIgniter\Database\BaseConnection->initialize()
#2 D:\kuliah\SEM 4\pwel\lms-amikom\vendor\codeigniter4\framework\system\Database\BaseBuilder.php(1616): CodeIgniter\Database\BaseConnection->query('SELECT *\nFROM `...', Array, false)
#3 D:\kuliah\SEM 4\pwel\lms-amikom\vendor\codeigniter4\framework\system\Model.php(268): CodeIgniter\Database\BaseBuilder->get()
#4 D:\kuliah\SEM 4\pwel\lms-amikom\vendor\codeigniter4\framework\system\BaseModel.php(656): CodeIgniter\Model->doFirst()
#5 D:\kuliah\SEM 4\pwel\lms-amikom\app\Controllers\Login.php(60): CodeIgniter\BaseModel->first()
#6 D:\kuliah\SEM 4\pwel\lms-amikom\vendor\codeigniter4\framework\system\CodeIgniter.php(932): App\Controllers\Login->auth()
#7 D:\kuliah\SEM 4\pwel\lms-amikom\vendor\codeigniter4\framework\system\CodeIgniter.php(497): CodeIgniter\CodeIgniter->runController(Object(App\Controllers\Login))
#8 D:\kuliah\SEM 4\pwel\lms-amikom\vendor\codeigniter4\framework\system\CodeIgniter.php(366): CodeIgniter\CodeIgniter->handleRequest(NULL, Object(Config\Cache), false)
#9 D:\kuliah\SEM 4\pwel\lms-amikom\public\index.php(67): CodeIgniter\CodeIgniter->run()
#10 D:\kuliah\SEM 4\pwel\lms-amikom\vendor\codeigniter4\framework\system\Commands\Server\rewrite.php(47): require_once('D:\\kuliah\\SEM 4...')
#11 {main}
CRITICAL - 2023-07-11 18:12:45 --> Unable to connect to the database.
Main connection [MySQLi]: No connection could be made because the target machine actively refused it.

in SYSTEMPATH\Database\BaseConnection.php on line 427.
 1 SYSTEMPATH\Database\BaseConnection.php(574): CodeIgniter\Database\BaseConnection->initialize()
 2 SYSTEMPATH\Database\BaseBuilder.php(1616): CodeIgniter\Database\BaseConnection->query('SELECT *
FROM `users`
WHERE `email` = :email:
 LIMIT 1', [...], false)
 3 SYSTEMPATH\Model.php(268): CodeIgniter\Database\BaseBuilder->get()
 4 SYSTEMPATH\BaseModel.php(656): CodeIgniter\Model->doFirst()
 5 APPPATH\Controllers\Login.php(60): CodeIgniter\BaseModel->first()
 6 SYSTEMPATH\CodeIgniter.php(932): App\Controllers\Login->auth()
 7 SYSTEMPATH\CodeIgniter.php(497): CodeIgniter\CodeIgniter->runController(Object(App\Controllers\Login))
 8 SYSTEMPATH\CodeIgniter.php(366): CodeIgniter\CodeIgniter->handleRequest(null, Object(Config\Cache), false)
 9 FCPATH\index.php(67): CodeIgniter\CodeIgniter->run()
10 SYSTEMPATH\Commands\Server\rewrite.php(47): require_once('D:\\kuliah\\SEM 4\\pwel\\lms-amikom\\public\\index.php')
INFO - 2023-07-11 18:12:58 --> Session: Class initialized using 'CodeIgniter\Session\Handlers\FileHandler' driver.
INFO - 2023-07-11 18:13:08 --> Session: Class initialized using 'CodeIgniter\Session\Handlers\FileHandler' driver.
INFO - 2023-07-11 18:13:19 --> Session: Class initialized using 'CodeIgniter\Session\Handlers\FileHandler' driver.
INFO - 2023-07-11 18:13:19 --> Session: Class initialized using 'CodeIgniter\Session\Handlers\FileHandler' driver.
INFO - 2023-07-11 22:59:06 --> Session: Class initialized using 'CodeIgniter\Session\Handlers\FileHandler' driver.
INFO - 2023-07-11 22:59:07 --> Session: Class initialized using 'CodeIgniter\Session\Handlers\FileHandler' driver.
INFO - 2023-07-11 22:59:12 --> Session: Class initialized using 'CodeIgniter\Session\Handlers\FileHandler' driver.
INFO - 2023-07-11 23:01:36 --> Session: Class initialized using 'CodeIgniter\Session\Handlers\FileHandler' driver.
CRITICAL - 2023-07-11 23:01:42 --> Call to undefined method App\Models\AdminModel::getAdmin
in SYSTEMPATH\Model.php on line 838.
 1 APPPATH\Controllers\Login.php(40): CodeIgniter\Model->__call('getAdmin', [...])
 2 SYSTEMPATH\CodeIgniter.php(932): App\Controllers\Login->auth()
 3 SYSTEMPATH\CodeIgniter.php(497): CodeIgniter\CodeIgniter->runController(Object(App\Controllers\Login))
 4 SYSTEMPATH\CodeIgniter.php(366): CodeIgniter\CodeIgniter->handleRequest(null, Object(Config\Cache), false)
 5 FCPATH\index.php(67): CodeIgniter\CodeIgniter->run()
 6 SYSTEMPATH\Commands\Server\rewrite.php(47): require_once('D:\\kuliah\\SEM 4\\pwel\\lms-amikom\\public\\index.php')
ERROR - 2023-07-11 23:05:37 --> mysqli_sql_exception: Unknown column 'email' in 'where clause' in D:\kuliah\SEM 4\pwel\lms-amikom\vendor\codeigniter4\framework\system\Database\MySQLi\Connection.php:295
Stack trace:
#0 D:\kuliah\SEM 4\pwel\lms-amikom\vendor\codeigniter4\framework\system\Database\MySQLi\Connection.php(295): mysqli->query('SELECT *\nFROM `...', 0)
#1 D:\kuliah\SEM 4\pwel\lms-amikom\vendor\codeigniter4\framework\system\Database\BaseConnection.php(692): CodeIgniter\Database\MySQLi\Connection->execute('SELECT *\nFROM `...')
#2 D:\kuliah\SEM 4\pwel\lms-amikom\vendor\codeigniter4\framework\system\Database\BaseConnection.php(606): CodeIgniter\Database\BaseConnection->simpleQuery('SELECT *\nFROM `...')
#3 D:\kuliah\SEM 4\pwel\lms-amikom\vendor\codeigniter4\framework\system\Database\BaseBuilder.php(1616): CodeIgniter\Database\BaseConnection->query('SELECT *\nFROM `...', Array, false)
#4 D:\kuliah\SEM 4\pwel\lms-amikom\vendor\codeigniter4\framework\system\Model.php(268): CodeIgniter\Database\BaseBuilder->get()
#5 D:\kuliah\SEM 4\pwel\lms-amikom\vendor\codeigniter4\framework\system\BaseModel.php(656): CodeIgniter\Model->doFirst()
#6 D:\kuliah\SEM 4\pwel\lms-amikom\app\Models\AdminModel.php(16): CodeIgniter\BaseModel->first()
#7 D:\kuliah\SEM 4\pwel\lms-amikom\app\Controllers\Login.php(40): App\Models\AdminModel->getAdmin('admin@amikom.ac...')
#8 D:\kuliah\SEM 4\pwel\lms-amikom\vendor\codeigniter4\framework\system\CodeIgniter.php(932): App\Controllers\Login->auth()
#9 D:\kuliah\SEM 4\pwel\lms-amikom\vendor\codeigniter4\framework\system\CodeIgniter.php(497): CodeIgniter\CodeIgniter->runController(Object(App\Controllers\Login))
#10 D:\kuliah\SEM 4\pwel\lms-amikom\vendor\codeigniter4\framework\system\CodeIgniter.php(366): CodeIgniter\CodeIgniter->handleRequest(NULL, Object(Config\Cache), false)
#11 D:\kuliah\SEM 4\pwel\lms-amikom\public\index.php(67): CodeIgniter\CodeIgniter->run()
#12 D:\kuliah\SEM 4\pwel\lms-amikom\vendor\codeigniter4\framework\system\Commands\Server\rewrite.php(47): require_once('D:\\kuliah\\SEM 4...')
#13 {main}
CRITICAL - 2023-07-11 23:05:37 --> Unknown column 'email' in 'where clause'
in SYSTEMPATH\Database\MySQLi\Connection.php on line 295.
 1 SYSTEMPATH\Database\MySQLi\Connection.php(295): mysqli->query('SELECT *
FROM `admins`
WHERE `email` = \'admin@amikom.ac.id\'
 LIMIT 1', 0)
 2 SYSTEMPATH\Database\BaseConnection.php(692): CodeIgniter\Database\MySQLi\Connection->execute('SELECT *
FROM `admins`
WHERE `email` = \'admin@amikom.ac.id\'
 LIMIT 1')
 3 SYSTEMPATH\Database\BaseConnection.php(606): CodeIgniter\Database\BaseConnection->simpleQuery('SELECT *
FROM `admins`
WHERE `email` = \'admin@amikom.ac.id\'
 LIMIT 1')
 4 SYSTEMPATH\Database\BaseBuilder.php(1616): CodeIgniter\Database\BaseConnection->query('SELECT *
FROM `admins`
WHERE `email` = :email:
 LIMIT 1', [...], false)
 5 SYSTEMPATH\Model.php(268): CodeIgniter\Database\BaseBuilder->get()
 6 SYSTEMPATH\BaseModel.php(656): CodeIgniter\Model->doFirst()
 7 APPPATH\Models\AdminModel.php(16): CodeIgniter\BaseModel->first()
 8 APPPATH\Controllers\Login.php(40): App\Models\AdminModel->getAdmin('admin@amikom.ac.id')
 9 SYSTEMPATH\CodeIgniter.php(932): App\Controllers\Login->auth()
10 SYSTEMPATH\CodeIgniter.php(497): CodeIgniter\CodeIgniter->runController(Object(App\Controllers\Login))
11 SYSTEMPATH\CodeIgniter.php(366): CodeIgniter\CodeIgniter->handleRequest(null, Object(Config\Cache), false)
12 FCPATH\index.php(67): CodeIgniter\CodeIgniter->run()
13 SYSTEMPATH\Commands\Server\rewrite.php(47): require_once('D:\\kuliah\\SEM 4\\pwel\\lms-amikom\\public\\index.php')
INFO - 2023-07-11 23:27:02 --> Session: Class initialized using 'CodeIgniter\Session\Handlers\FileHandler' driver.
INFO - 2023-07-11 23:27:09 --> Session: Class initialized using 'CodeIgniter\Session\Handlers\FileHandler' driver.
INFO - 2023-07-11 23:28:55 --> Session: Class initialized using 'CodeIgniter\Session\Handlers\FileHandler' driver.
INFO - 2023-07-11 23:29:04 --> Session: Class initialized using 'CodeIgniter\Session\Handlers\FileHandler' driver.
INFO - 2023-07-11 23:34:47 --> Session: Class initialized using 'CodeIgniter\Session\Handlers\FileHandler' driver.
INFO - 2023-07-11 23:35:40 --> Session: Class initialized using 'CodeIgniter\Session\Handlers\FileHandler' driver.
INFO - 2023-07-11 23:42:59 --> Session: Class initialized using 'CodeIgniter\Session\Handlers\FileHandler' driver.
INFO - 2023-07-11 23:45:33 --> Session: Class initialized using 'CodeIgniter\Session\Handlers\FileHandler' driver.
INFO - 2023-07-11 23:46:09 --> Session: Class initialized using 'CodeIgniter\Session\Handlers\FileHandler' driver.
INFO - 2023-07-11 23:47:16 --> Session: Class initialized using 'CodeIgniter\Session\Handlers\FileHandler' driver.
INFO - 2023-07-11 23:49:28 --> Session: Class initialized using 'CodeIgniter\Session\Handlers\FileHandler' driver.
INFO - 2023-07-11 23:49:55 --> Session: Class initialized using 'CodeIgniter\Session\Handlers\FileHandler' driver.
INFO - 2023-07-11 23:55:55 --> Session: Class initialized using 'CodeIgniter\Session\Handlers\FileHandler' driver.
